----------------------------------------------------------------
Thu Apr 13 13:48:27 IST 2023:
Booting Derby version The Apache Software Foundation - Apache Derby - 10.14.2.0 - (1828579): instance a816c00e-0187-79b1-c850-0000010fd618 
on database directory memory:C:\Users\M162\Documents\workspace-spring-tool-suite-4-4.17.2.RELEASE\springsecquritydegreed\93316f02-840b-40b3-8332-8046afd17f9a with class loader jdk.internal.loader.ClassLoaders$AppClassLoader@22d8cfe0 
Loaded from file:/C:/Users/M162/.m2/repository/org/apache/derby/derby/10.14.2.0/derby-10.14.2.0.jar
java.vendor=Eclipse Adoptium
java.runtime.version=17.0.6+10
user.dir=C:\Users\M162\Documents\workspace-spring-tool-suite-4-4.17.2.RELEASE\springsecquritydegreed
os.name=Windows 11
os.arch=amd64
os.version=10.0
derby.system.home=null
Database Class Loader started - derby.database.classpath=''
----------------------------------------------------------------
Thu Apr 13 15:10:07 IST 2023:
Shutting down instance a816c00e-0187-79b1-c850-0000010fd618 on database directory memory:C:\Users\M162\Documents\workspace-spring-tool-suite-4-4.17.2.RELEASE\springsecquritydegreed\93316f02-840b-40b3-8332-8046afd17f9a with class loader jdk.internal.loader.ClassLoaders$AppClassLoader@22d8cfe0 
----------------------------------------------------------------
Thu Apr 13 15:10:08 IST 2023:
Booting Derby version The Apache Software Foundation - Apache Derby - 10.14.2.0 - (1828579): instance 109f00b9-0187-79b1-c850-0000010fd618 
on database directory memory:C:\Users\M162\Documents\workspace-spring-tool-suite-4-4.17.2.RELEASE\springsecquritydegreed\4ab9f25c-8ad5-4c7c-8c27-4cb9c671e502 with class loader jdk.internal.loader.ClassLoaders$AppClassLoader@22d8cfe0 
Loaded from file:/C:/Users/M162/.m2/repository/org/apache/derby/derby/10.14.2.0/derby-10.14.2.0.jar
java.vendor=Eclipse Adoptium
java.runtime.version=17.0.6+10
user.dir=C:\Users\M162\Documents\workspace-spring-tool-suite-4-4.17.2.RELEASE\springsecquritydegreed
os.name=Windows 11
os.arch=amd64
os.version=10.0
derby.system.home=null
Database Class Loader started - derby.database.classpath=''
----------------------------------------------------------------
Thu Apr 13 15:10:46 IST 2023:
Shutting down instance 109f00b9-0187-79b1-c850-0000010fd618 on database directory memory:C:\Users\M162\Documents\workspace-spring-tool-suite-4-4.17.2.RELEASE\springsecquritydegreed\4ab9f25c-8ad5-4c7c-8c27-4cb9c671e502 with class loader jdk.internal.loader.ClassLoaders$AppClassLoader@22d8cfe0 
----------------------------------------------------------------
Thu Apr 13 15:10:47 IST 2023:
Booting Derby version The Apache Software Foundation - Apache Derby - 10.14.2.0 - (1828579): instance 90478154-0187-79b1-c850-0000010fd618 
on database directory memory:C:\Users\M162\Documents\workspace-spring-tool-suite-4-4.17.2.RELEASE\springsecquritydegreed\395ebddb-a44f-4bc6-a5a2-4d860613633e with class loader jdk.internal.loader.ClassLoaders$AppClassLoader@22d8cfe0 
Loaded from file:/C:/Users/M162/.m2/repository/org/apache/derby/derby/10.14.2.0/derby-10.14.2.0.jar
java.vendor=Eclipse Adoptium
java.runtime.version=17.0.6+10
user.dir=C:\Users\M162\Documents\workspace-spring-tool-suite-4-4.17.2.RELEASE\springsecquritydegreed
os.name=Windows 11
os.arch=amd64
os.version=10.0
derby.system.home=null
Database Class Loader started - derby.database.classpath=''
----------------------------------------------------------------
Thu Apr 13 15:12:14 IST 2023:
Shutting down instance 90478154-0187-79b1-c850-0000010fd618 on database directory memory:C:\Users\M162\Documents\workspace-spring-tool-suite-4-4.17.2.RELEASE\springsecquritydegreed\395ebddb-a44f-4bc6-a5a2-4d860613633e with class loader jdk.internal.loader.ClassLoaders$AppClassLoader@22d8cfe0 
----------------------------------------------------------------
Thu Apr 13 15:12:15 IST 2023:
Booting Derby version The Apache Software Foundation - Apache Derby - 10.14.2.0 - (1828579): instance d76641ef-0187-79b1-c850-0000010fd618 
on database directory memory:C:\Users\M162\Documents\workspace-spring-tool-suite-4-4.17.2.RELEASE\springsecquritydegreed\899de809-af3f-4ada-8273-b53d1bc5fa52 with class loader jdk.internal.loader.ClassLoaders$AppClassLoader@22d8cfe0 
Loaded from file:/C:/Users/M162/.m2/repository/org/apache/derby/derby/10.14.2.0/derby-10.14.2.0.jar
java.vendor=Eclipse Adoptium
java.runtime.version=17.0.6+10
user.dir=C:\Users\M162\Documents\workspace-spring-tool-suite-4-4.17.2.RELEASE\springsecquritydegreed
os.name=Windows 11
os.arch=amd64
os.version=10.0
derby.system.home=null
Database Class Loader started - derby.database.classpath=''
----------------------------------------------------------------
Thu Apr 13 15:14:00 IST 2023:
Shutting down instance d76641ef-0187-79b1-c850-0000010fd618 on database directory memory:C:\Users\M162\Documents\workspace-spring-tool-suite-4-4.17.2.RELEASE\springsecquritydegreed\899de809-af3f-4ada-8273-b53d1bc5fa52 with class loader jdk.internal.loader.ClassLoaders$AppClassLoader@22d8cfe0 
----------------------------------------------------------------
Thu Apr 13 15:14:01 IST 2023:
Booting Derby version The Apache Software Foundation - Apache Derby - 10.14.2.0 - (1828579): instance 15fb428a-0187-79b1-c850-0000010fd618 
on database directory memory:C:\Users\M162\Documents\workspace-spring-tool-suite-4-4.17.2.RELEASE\springsecquritydegreed\060d6d1f-da4b-44dd-b6d5-cfae355e16d9 with class loader jdk.internal.loader.ClassLoaders$AppClassLoader@22d8cfe0 
Loaded from file:/C:/Users/M162/.m2/repository/org/apache/derby/derby/10.14.2.0/derby-10.14.2.0.jar
java.vendor=Eclipse Adoptium
java.runtime.version=17.0.6+10
user.dir=C:\Users\M162\Documents\workspace-spring-tool-suite-4-4.17.2.RELEASE\springsecquritydegreed
os.name=Windows 11
os.arch=amd64
os.version=10.0
derby.system.home=null
Database Class Loader started - derby.database.classpath=''
----------------------------------------------------------------
Thu Apr 13 15:14:40 IST 2023:
Shutting down instance 15fb428a-0187-79b1-c850-0000010fd618 on database directory memory:C:\Users\M162\Documents\workspace-spring-tool-suite-4-4.17.2.RELEASE\springsecquritydegreed\060d6d1f-da4b-44dd-b6d5-cfae355e16d9 with class loader jdk.internal.loader.ClassLoaders$AppClassLoader@22d8cfe0 
----------------------------------------------------------------
Thu Apr 13 15:14:41 IST 2023:
Booting Derby version The Apache Software Foundation - Apache Derby - 10.14.2.0 - (1828579): instance 7c068325-0187-79b1-c850-0000010fd618 
on database directory memory:C:\Users\M162\Documents\workspace-spring-tool-suite-4-4.17.2.RELEASE\springsecquritydegreed\95b01c26-9c92-440b-b364-8eed1bd81f68 with class loader jdk.internal.loader.ClassLoaders$AppClassLoader@22d8cfe0 
Loaded from file:/C:/Users/M162/.m2/repository/org/apache/derby/derby/10.14.2.0/derby-10.14.2.0.jar
java.vendor=Eclipse Adoptium
java.runtime.version=17.0.6+10
user.dir=C:\Users\M162\Documents\workspace-spring-tool-suite-4-4.17.2.RELEASE\springsecquritydegreed
os.name=Windows 11
os.arch=amd64
os.version=10.0
derby.system.home=null
Database Class Loader started - derby.database.classpath=''
----------------------------------------------------------------
Thu Apr 13 15:14:55 IST 2023:
Shutting down instance 7c068325-0187-79b1-c850-0000010fd618 on database directory memory:C:\Users\M162\Documents\workspace-spring-tool-suite-4-4.17.2.RELEASE\springsecquritydegreed\95b01c26-9c92-440b-b364-8eed1bd81f68 with class loader jdk.internal.loader.ClassLoaders$AppClassLoader@22d8cfe0 
----------------------------------------------------------------
Thu Apr 13 15:14:56 IST 2023:
Booting Derby version The Apache Software Foundation - Apache Derby - 10.14.2.0 - (1828579): instance 398803c0-0187-79b1-c850-0000010fd618 
on database directory memory:C:\Users\M162\Documents\workspace-spring-tool-suite-4-4.17.2.RELEASE\springsecquritydegreed\70702503-0be8-44fe-a67d-b3a9d3e4ce3c with class loader jdk.internal.loader.ClassLoaders$AppClassLoader@22d8cfe0 
Loaded from file:/C:/Users/M162/.m2/repository/org/apache/derby/derby/10.14.2.0/derby-10.14.2.0.jar
java.vendor=Eclipse Adoptium
java.runtime.version=17.0.6+10
user.dir=C:\Users\M162\Documents\workspace-spring-tool-suite-4-4.17.2.RELEASE\springsecquritydegreed
os.name=Windows 11
os.arch=amd64
os.version=10.0
derby.system.home=null
Database Class Loader started - derby.database.classpath=''
----------------------------------------------------------------
Thu Apr 13 15:16:19 IST 2023:
Shutting down instance 398803c0-0187-79b1-c850-0000010fd618 on database directory memory:C:\Users\M162\Documents\workspace-spring-tool-suite-4-4.17.2.RELEASE\springsecquritydegreed\70702503-0be8-44fe-a67d-b3a9d3e4ce3c with class loader jdk.internal.loader.ClassLoaders$AppClassLoader@22d8cfe0 
----------------------------------------------------------------
Thu Apr 13 15:16:20 IST 2023:
Booting Derby version The Apache Software Foundation - Apache Derby - 10.14.2.0 - (1828579): instance 7e7fc45b-0187-79b1-c850-0000010fd618 
on database directory memory:C:\Users\M162\Documents\workspace-spring-tool-suite-4-4.17.2.RELEASE\springsecquritydegreed\2b211746-afb6-433f-8bac-d97c18dd497c with class loader jdk.internal.loader.ClassLoaders$AppClassLoader@22d8cfe0 
Loaded from file:/C:/Users/M162/.m2/repository/org/apache/derby/derby/10.14.2.0/derby-10.14.2.0.jar
java.vendor=Eclipse Adoptium
java.runtime.version=17.0.6+10
user.dir=C:\Users\M162\Documents\workspace-spring-tool-suite-4-4.17.2.RELEASE\springsecquritydegreed
os.name=Windows 11
os.arch=amd64
os.version=10.0
derby.system.home=null
Database Class Loader started - derby.database.classpath=''
----------------------------------------------------------------
Thu Apr 13 15:16:25 IST 2023:
Shutting down instance 7e7fc45b-0187-79b1-c850-0000010fd618 on database directory memory:C:\Users\M162\Documents\workspace-spring-tool-suite-4-4.17.2.RELEASE\springsecquritydegreed\2b211746-afb6-433f-8bac-d97c18dd497c with class loader jdk.internal.loader.ClassLoaders$AppClassLoader@22d8cfe0 
----------------------------------------------------------------
Thu Apr 13 15:16:26 IST 2023:
Booting Derby version The Apache Software Foundation - Apache Derby - 10.14.2.0 - (1828579): instance 7aedc4f6-0187-79b1-c850-0000010fd618 
on database directory memory:C:\Users\M162\Documents\workspace-spring-tool-suite-4-4.17.2.RELEASE\springsecquritydegreed\75cd202b-513c-4b17-bdd0-73c84da3c8c8 with class loader jdk.internal.loader.ClassLoaders$AppClassLoader@22d8cfe0 
Loaded from file:/C:/Users/M162/.m2/repository/org/apache/derby/derby/10.14.2.0/derby-10.14.2.0.jar
java.vendor=Eclipse Adoptium
java.runtime.version=17.0.6+10
user.dir=C:\Users\M162\Documents\workspace-spring-tool-suite-4-4.17.2.RELEASE\springsecquritydegreed
os.name=Windows 11
os.arch=amd64
os.version=10.0
derby.system.home=null
Database Class Loader started - derby.database.classpath=''
----------------------------------------------------------------
Thu Apr 13 15:16:31 IST 2023:
Shutting down instance 7aedc4f6-0187-79b1-c850-0000010fd618 on database directory memory:C:\Users\M162\Documents\workspace-spring-tool-suite-4-4.17.2.RELEASE\springsecquritydegreed\75cd202b-513c-4b17-bdd0-73c84da3c8c8 with class loader jdk.internal.loader.ClassLoaders$AppClassLoader@22d8cfe0 
----------------------------------------------------------------
Thu Apr 13 15:16:31 IST 2023:
Booting Derby version The Apache Software Foundation - Apache Derby - 10.14.2.0 - (1828579): instance 5ed20591-0187-79b1-c850-0000010fd618 
on database directory memory:C:\Users\M162\Documents\workspace-spring-tool-suite-4-4.17.2.RELEASE\springsecquritydegreed\b7f650e8-9274-4e68-92ed-094cbf2afac8 with class loader jdk.internal.loader.ClassLoaders$AppClassLoader@22d8cfe0 
Loaded from file:/C:/Users/M162/.m2/repository/org/apache/derby/derby/10.14.2.0/derby-10.14.2.0.jar
java.vendor=Eclipse Adoptium
java.runtime.version=17.0.6+10
user.dir=C:\Users\M162\Documents\workspace-spring-tool-suite-4-4.17.2.RELEASE\springsecquritydegreed
os.name=Windows 11
os.arch=amd64
os.version=10.0
derby.system.home=null
Database Class Loader started - derby.database.classpath=''
----------------------------------------------------------------
Thu Apr 13 15:16:36 IST 2023:
Shutting down instance 5ed20591-0187-79b1-c850-0000010fd618 on database directory memory:C:\Users\M162\Documents\workspace-spring-tool-suite-4-4.17.2.RELEASE\springsecquritydegreed\b7f650e8-9274-4e68-92ed-094cbf2afac8 with class loader jdk.internal.loader.ClassLoaders$AppClassLoader@22d8cfe0 
----------------------------------------------------------------
Thu Apr 13 15:16:37 IST 2023:
Booting Derby version The Apache Software Foundation - Apache Derby - 10.14.2.0 - (1828579): instance 5a2c862c-0187-79b1-c850-0000010fd618 
on database directory memory:C:\Users\M162\Documents\workspace-spring-tool-suite-4-4.17.2.RELEASE\springsecquritydegreed\938c8f8c-c1fd-4d9f-acc9-acb0ba94ec28 with class loader jdk.internal.loader.ClassLoaders$AppClassLoader@22d8cfe0 
Loaded from file:/C:/Users/M162/.m2/repository/org/apache/derby/derby/10.14.2.0/derby-10.14.2.0.jar
java.vendor=Eclipse Adoptium
java.runtime.version=17.0.6+10
user.dir=C:\Users\M162\Documents\workspace-spring-tool-suite-4-4.17.2.RELEASE\springsecquritydegreed
os.name=Windows 11
os.arch=amd64
os.version=10.0
derby.system.home=null
Database Class Loader started - derby.database.classpath=''
----------------------------------------------------------------
Thu Apr 13 15:17:39 IST 2023:
Shutting down instance 5a2c862c-0187-79b1-c850-0000010fd618 on database directory memory:C:\Users\M162\Documents\workspace-spring-tool-suite-4-4.17.2.RELEASE\springsecquritydegreed\938c8f8c-c1fd-4d9f-acc9-acb0ba94ec28 with class loader jdk.internal.loader.ClassLoaders$AppClassLoader@22d8cfe0 
----------------------------------------------------------------
Thu Apr 13 15:17:40 IST 2023:
Booting Derby version The Apache Software Foundation - Apache Derby - 10.14.2.0 - (1828579): instance 9cfd46c7-0187-79b1-c850-0000010fd618 
on database directory memory:C:\Users\M162\Documents\workspace-spring-tool-suite-4-4.17.2.RELEASE\springsecquritydegreed\dca30ab2-2881-4db4-8608-30eb80971965 with class loader jdk.internal.loader.ClassLoaders$AppClassLoader@22d8cfe0 
Loaded from file:/C:/Users/M162/.m2/repository/org/apache/derby/derby/10.14.2.0/derby-10.14.2.0.jar
java.vendor=Eclipse Adoptium
java.runtime.version=17.0.6+10
user.dir=C:\Users\M162\Documents\workspace-spring-tool-suite-4-4.17.2.RELEASE\springsecquritydegreed
os.name=Windows 11
os.arch=amd64
os.version=10.0
derby.system.home=null
Database Class Loader started - derby.database.classpath=''
----------------------------------------------------------------
Thu Apr 13 15:19:10 IST 2023:
Shutting down instance 9cfd46c7-0187-79b1-c850-0000010fd618 on database directory memory:C:\Users\M162\Documents\workspace-spring-tool-suite-4-4.17.2.RELEASE\springsecquritydegreed\dca30ab2-2881-4db4-8608-30eb80971965 with class loader jdk.internal.loader.ClassLoaders$AppClassLoader@22d8cfe0 
----------------------------------------------------------------
Thu Apr 13 15:19:10 IST 2023:
Booting Derby version The Apache Software Foundation - Apache Derby - 10.14.2.0 - (1828579): instance 57444762-0187-79b1-c850-0000010fd618 
on database directory memory:C:\Users\M162\Documents\workspace-spring-tool-suite-4-4.17.2.RELEASE\springsecquritydegreed\0a9ea17b-732f-42a9-a032-519287771c11 with class loader jdk.internal.loader.ClassLoaders$AppClassLoader@22d8cfe0 
Loaded from file:/C:/Users/M162/.m2/repository/org/apache/derby/derby/10.14.2.0/derby-10.14.2.0.jar
java.vendor=Eclipse Adoptium
java.runtime.version=17.0.6+10
user.dir=C:\Users\M162\Documents\workspace-spring-tool-suite-4-4.17.2.RELEASE\springsecquritydegreed
os.name=Windows 11
os.arch=amd64
os.version=10.0
derby.system.home=null
Database Class Loader started - derby.database.classpath=''
----------------------------------------------------------------
Thu Apr 13 15:21:57 IST 2023:
Shutting down instance 57444762-0187-79b1-c850-0000010fd618 on database directory memory:C:\Users\M162\Documents\workspace-spring-tool-suite-4-4.17.2.RELEASE\springsecquritydegreed\0a9ea17b-732f-42a9-a032-519287771c11 with class loader jdk.internal.loader.ClassLoaders$AppClassLoader@22d8cfe0 
----------------------------------------------------------------
Thu Apr 13 15:21:58 IST 2023:
Booting Derby version The Apache Software Foundation - Apache Derby - 10.14.2.0 - (1828579): instance b90187fd-0187-79b1-c850-0000010fd618 
on database directory memory:C:\Users\M162\Documents\workspace-spring-tool-suite-4-4.17.2.RELEASE\springsecquritydegreed\72b16a2f-5484-4bdf-9e63-933735be4dcb with class loader jdk.internal.loader.ClassLoaders$AppClassLoader@22d8cfe0 
Loaded from file:/C:/Users/M162/.m2/repository/org/apache/derby/derby/10.14.2.0/derby-10.14.2.0.jar
java.vendor=Eclipse Adoptium
java.runtime.version=17.0.6+10
user.dir=C:\Users\M162\Documents\workspace-spring-tool-suite-4-4.17.2.RELEASE\springsecquritydegreed
os.name=Windows 11
os.arch=amd64
os.version=10.0
derby.system.home=null
Database Class Loader started - derby.database.classpath=''
----------------------------------------------------------------
Thu Apr 13 15:22:00 IST 2023:
Shutting down instance b90187fd-0187-79b1-c850-0000010fd618 on database directory memory:C:\Users\M162\Documents\workspace-spring-tool-suite-4-4.17.2.RELEASE\springsecquritydegreed\72b16a2f-5484-4bdf-9e63-933735be4dcb with class loader jdk.internal.loader.ClassLoaders$AppClassLoader@22d8cfe0 
----------------------------------------------------------------
Thu Apr 13 15:22:00 IST 2023:
Booting Derby version The Apache Software Foundation - Apache Derby - 10.14.2.0 - (1828579): instance f2350898-0187-79b1-c850-0000010fd618 
on database directory memory:C:\Users\M162\Documents\workspace-spring-tool-suite-4-4.17.2.RELEASE\springsecquritydegreed\7b9914f5-ae9d-431f-a3b0-81e69df64f7b with class loader jdk.internal.loader.ClassLoaders$AppClassLoader@22d8cfe0 
Loaded from file:/C:/Users/M162/.m2/repository/org/apache/derby/derby/10.14.2.0/derby-10.14.2.0.jar
java.vendor=Eclipse Adoptium
java.runtime.version=17.0.6+10
user.dir=C:\Users\M162\Documents\workspace-spring-tool-suite-4-4.17.2.RELEASE\springsecquritydegreed
os.name=Windows 11
os.arch=amd64
os.version=10.0
derby.system.home=null
Database Class Loader started - derby.database.classpath=''
----------------------------------------------------------------
Thu Apr 13 15:27:35 IST 2023:
Shutting down instance f2350898-0187-79b1-c850-0000010fd618 on database directory memory:C:\Users\M162\Documents\workspace-spring-tool-suite-4-4.17.2.RELEASE\springsecquritydegreed\7b9914f5-ae9d-431f-a3b0-81e69df64f7b with class loader jdk.internal.loader.ClassLoaders$AppClassLoader@22d8cfe0 
----------------------------------------------------------------
Thu Apr 13 15:27:36 IST 2023:
Booting Derby version The Apache Software Foundation - Apache Derby - 10.14.2.0 - (1828579): instance 32dec933-0187-79b1-c850-0000010fd618 
on database directory memory:C:\Users\M162\Documents\workspace-spring-tool-suite-4-4.17.2.RELEASE\springsecquritydegreed\e571fd16-3f39-4fdb-b8c6-ab200216d5ec with class loader jdk.internal.loader.ClassLoaders$AppClassLoader@22d8cfe0 
Loaded from file:/C:/Users/M162/.m2/repository/org/apache/derby/derby/10.14.2.0/derby-10.14.2.0.jar
java.vendor=Eclipse Adoptium
java.runtime.version=17.0.6+10
user.dir=C:\Users\M162\Documents\workspace-spring-tool-suite-4-4.17.2.RELEASE\springsecquritydegreed
os.name=Windows 11
os.arch=amd64
os.version=10.0
derby.system.home=null
Database Class Loader started - derby.database.classpath=''
